Import: StringTableEnglish
Import: StringTableChinese
Import: StringTableTaiwanese
Import: StringTableCzech
Import: StringTableDanish
Import: StringTableDutch
Import: StringTableFinnish
Import: StringTableFrench
Import: StringTableGerman
Import: StringTableGreek
Import: StringTableHungarian
Import: StringTableItalian
Import: StringTableJapanese
Import: StringTableKorean
Import: StringTableNorwegian
Import: StringTablePolish
Import: StringTablePortugueseStandard
Import: StringTablePortugueseBrazilian
Import: StringTableRussian
Import: StringTableSpanishStandard
Import: StringTableSpanishMexican
Import: StringTableSwedish
Import: StringTableThai
Test: English
  Unknown Translation: 0xA9C36045B582E833 - Courtesan's Perfume
  Unknown Translation: 0xF548986046C98663 - Put this to a community lot and a courtesan/courter appears. CTRL+SHIFT+Click in Build/Buy mode to tune. By misukisu - Virtual Artisan.
  Unknown Translation: 0xAC45424A927C37DE - Entertainer
Test: Chinese
  Unknown Translation: 0xA9C36045B582E833 - Courtesan's Perfume
  Unknown Translation: 0xF548986046C98663 - Put this to a community lot and a courtesan/courter appears. CTRL+SHIFT+Click in Build/Buy mode to tune. By misukisu - Virtual Artisan.
  Unknown Translation: 0xAC45424A927C37DE - Entertainer
Test: Taiwanese
  Unknown Translation: 0xA9C36045B582E833 - Courtesan's Perfume
  Unknown Translation: 0xF548986046C98663 - Put this to a community lot and a courtesan/courter appears. CTRL+SHIFT+Click in Build/Buy mode to tune. By misukisu - Virtual Artisan.
  Unknown Translation: 0xAC45424A927C37DE - Entertainer
Test: Czech
  Unknown Translation: 0xA9C36045B582E833 - Courtesan's Perfume
  Unknown Translation: 0xF548986046C98663 - Put this to a community lot and a courtesan/courter appears. CTRL+SHIFT+Click in Build/Buy mode to tune. By misukisu - Virtual Artisan.
  Unknown Translation: 0xAC45424A927C37DE - Entertainer
Test: Danish
  Unknown Translation: 0xA9C36045B582E833 - Courtesan's Perfume
  Unknown Translation: 0xF548986046C98663 - Put this to a community lot and a courtesan/courter appears. CTRL+SHIFT+Click in Build/Buy mode to tune. By misukisu - Virtual Artisan.
  Unknown Translation: 0xAC45424A927C37DE - Entertainer
Test: Dutch
  Unknown Translation: 0xA9C36045B582E833 - Courtesan's Perfume
  Unknown Translation: 0xF548986046C98663 - Put this to a community lot and a courtesan/courter appears. CTRL+SHIFT+Click in Build/Buy mode to tune. By misukisu - Virtual Artisan.
  Unknown Translation: 0xAC45424A927C37DE - Entertainer
Test: Finnish
  Unknown Translation: 0xA9C36045B582E833 - Courtesan's Perfume
  Unknown Translation: 0xF548986046C98663 - Put this to a community lot and a courtesan/courter appears. CTRL+SHIFT+Click in Build/Buy mode to tune. By misukisu - Virtual Artisan.
  Unknown Translation: 0xAC45424A927C37DE - Entertainer
Test: French
  Unknown Translation: 0xA9C36045B582E833 - Courtesan's Perfume
  Unknown Translation: 0xF548986046C98663 - Put this to a community lot and a courtesan/courter appears. CTRL+SHIFT+Click in Build/Buy mode to tune. By misukisu - Virtual Artisan.
  Unknown Translation: 0xAC45424A927C37DE - Entertainer
Test: German
  Unknown Translation: 0xA9C36045B582E833 - Courtesan's Perfume
  Unknown Translation: 0xF548986046C98663 - Put this to a community lot and a courtesan/courter appears. CTRL+SHIFT+Click in Build/Buy mode to tune. By misukisu - Virtual Artisan.
  Unknown Translation: 0xAC45424A927C37DE - Entertainer
Test: Greek
  Unknown Translation: 0xA9C36045B582E833 - Courtesan's Perfume
  Unknown Translation: 0xF548986046C98663 - Put this to a community lot and a courtesan/courter appears. CTRL+SHIFT+Click in Build/Buy mode to tune. By misukisu - Virtual Artisan.
  Unknown Translation: 0xAC45424A927C37DE - Entertainer
Test: Hungarian
  Unknown Translation: 0xA9C36045B582E833 - Courtesan's Perfume
  Unknown Translation: 0xF548986046C98663 - Put this to a community lot and a courtesan/courter appears. CTRL+SHIFT+Click in Build/Buy mode to tune. By misukisu - Virtual Artisan.
  Unknown Translation: 0xAC45424A927C37DE - Entertainer
Test: Italian
  Unknown Translation: 0xA9C36045B582E833 - Courtesan's Perfume
  Unknown Translation: 0xF548986046C98663 - Put this to a community lot and a courtesan/courter appears. CTRL+SHIFT+Click in Build/Buy mode to tune. By misukisu - Virtual Artisan.
  Unknown Translation: 0xAC45424A927C37DE - Entertainer
Test: Japanese
  Unknown Translation: 0xA9C36045B582E833 - Courtesan's Perfume
  Unknown Translation: 0xF548986046C98663 - Put this to a community lot and a courtesan/courter appears. CTRL+SHIFT+Click in Build/Buy mode to tune. By misukisu - Virtual Artisan.
  Unknown Translation: 0xAC45424A927C37DE - Entertainer
Test: Korean
  Unknown Translation: 0xA9C36045B582E833 - Courtesan's Perfume
  Unknown Translation: 0xF548986046C98663 - Put this to a community lot and a courtesan/courter appears. CTRL+SHIFT+Click in Build/Buy mode to tune. By misukisu - Virtual Artisan.
  Unknown Translation: 0xAC45424A927C37DE - Entertainer
Test: Norwegian
  Unknown Translation: 0xA9C36045B582E833 - Courtesan's Perfume
  Unknown Translation: 0xF548986046C98663 - Put this to a community lot and a courtesan/courter appears. CTRL+SHIFT+Click in Build/Buy mode to tune. By misukisu - Virtual Artisan.
  Unknown Translation: 0xAC45424A927C37DE - Entertainer
Test: Polish
  Unknown Translation: 0xA9C36045B582E833 - Courtesan's Perfume
  Unknown Translation: 0xF548986046C98663 - Put this to a community lot and a courtesan/courter appears. CTRL+SHIFT+Click in Build/Buy mode to tune. By misukisu - Virtual Artisan.
  Unknown Translation: 0xAC45424A927C37DE - Entertainer
Test: PortugueseStandard
  Unknown Translation: 0xA9C36045B582E833 - Courtesan's Perfume
  Unknown Translation: 0xF548986046C98663 - Put this to a community lot and a courtesan/courter appears. CTRL+SHIFT+Click in Build/Buy mode to tune. By misukisu - Virtual Artisan.
  Unknown Translation: 0xAC45424A927C37DE - Entertainer
Test: PortugueseBrazilian
  Unknown Translation: 0xA9C36045B582E833 - Courtesan's Perfume
  Unknown Translation: 0xF548986046C98663 - Put this to a community lot and a courtesan/courter appears. CTRL+SHIFT+Click in Build/Buy mode to tune. By misukisu - Virtual Artisan.
  Unknown Translation: 0xAC45424A927C37DE - Entertainer
Test: Russian
  Unknown Translation: 0xA9C36045B582E833 - Courtesan's Perfume
  Unknown Translation: 0xF548986046C98663 - Put this to a community lot and a courtesan/courter appears. CTRL+SHIFT+Click in Build/Buy mode to tune. By misukisu - Virtual Artisan.
  Unknown Translation: 0xAC45424A927C37DE - Entertainer
Test: SpanishStandard
  Unknown Translation: 0xA9C36045B582E833 - Courtesan's Perfume
  Unknown Translation: 0xF548986046C98663 - Put this to a community lot and a courtesan/courter appears. CTRL+SHIFT+Click in Build/Buy mode to tune. By misukisu - Virtual Artisan.
  Unknown Translation: 0xAC45424A927C37DE - Entertainer
Test: SpanishMexican
  Unknown Translation: 0xA9C36045B582E833 - Courtesan's Perfume
  Unknown Translation: 0xF548986046C98663 - Put this to a community lot and a courtesan/courter appears. CTRL+SHIFT+Click in Build/Buy mode to tune. By misukisu - Virtual Artisan.
  Unknown Translation: 0xAC45424A927C37DE - Entertainer
Test: Swedish
  Unknown Translation: 0xA9C36045B582E833 - Courtesan's Perfume
  Unknown Translation: 0xF548986046C98663 - Put this to a community lot and a courtesan/courter appears. CTRL+SHIFT+Click in Build/Buy mode to tune. By misukisu - Virtual Artisan.
  Unknown Translation: 0xAC45424A927C37DE - Entertainer
Test: Thai
  Unknown Translation: 0xA9C36045B582E833 - Courtesan's Perfume
  Unknown Translation: 0xF548986046C98663 - Put this to a community lot and a courtesan/courter appears. CTRL+SHIFT+Click in Build/Buy mode to tune. By misukisu - Virtual Artisan.
  Unknown Translation: 0xAC45424A927C37DE - Entertainer
