Import: StringTableEnglish
Import: StringTableChinese
Import: StringTableTaiwanese
Import: StringTableCzech
Import: StringTableDanish
Import: StringTableDutch
Import: StringTableFinnish
Import: StringTableFrench
Import: StringTableGerman
Import: StringTableGreek
Import: StringTableHungarian
Import: StringTableItalian
Import: StringTableJapanese
Import: StringTableKorean
Import: StringTableNorwegian
Import: StringTablePolish
Import: StringTablePortugueseStandard
Import: StringTablePortugueseBrazilian
Import: StringTableRussian
Import: StringTableSpanishStandard
Import: StringTableSpanishMexican
Import: StringTableSwedish
Import: StringTableThai
Test: English
  Unknown Translation: 0x93559D28F4FADE99 - Exotic Dancer's Stage (Socket Cover)
  Unknown Translation: 0x7679F057565C2925 - Put this to a community lot and a dancer appears. CTRL+SHIFT+Click in Build/Buy mode to tune. By misukisu - Virtual Artisan.
  Unknown Translation: 0x5F9AF801066DA9F1 - Exotic Dancer
  Unknown Translation: 0x8256130E9A18B89F - Dancer
Test: Chinese
  Unknown Translation: 0x93559D28F4FADE99 - Exotic Dancer's Stage (Socket Cover)
  Unknown Translation: 0x7679F057565C2925 - Put this to a community lot and a dancer appears. CTRL+SHIFT+Click in Build/Buy mode to tune. By misukisu - Virtual Artisan.
  Unknown Translation: 0x5F9AF801066DA9F1 - Exotic Dancer
  Unknown Translation: 0x8256130E9A18B89F - Dancer
Test: Taiwanese
  Unknown Translation: 0x93559D28F4FADE99 - Exotic Dancer's Stage (Socket Cover)
  Unknown Translation: 0x7679F057565C2925 - Put this to a community lot and a dancer appears. CTRL+SHIFT+Click in Build/Buy mode to tune. By misukisu - Virtual Artisan.
  Unknown Translation: 0x5F9AF801066DA9F1 - Exotic Dancer
  Unknown Translation: 0x8256130E9A18B89F - Dancer
Test: Czech
  Unknown Translation: 0x93559D28F4FADE99 - Exotic Dancer's Stage (Socket Cover)
  Unknown Translation: 0x7679F057565C2925 - Put this to a community lot and a dancer appears. CTRL+SHIFT+Click in Build/Buy mode to tune. By misukisu - Virtual Artisan.
  Unknown Translation: 0x5F9AF801066DA9F1 - Exotic Dancer
  Unknown Translation: 0x8256130E9A18B89F - Dancer
Test: Danish
  Unknown Translation: 0x93559D28F4FADE99 - Exotic Dancer's Stage (Socket Cover)
  Unknown Translation: 0x7679F057565C2925 - Put this to a community lot and a dancer appears. CTRL+SHIFT+Click in Build/Buy mode to tune. By misukisu - Virtual Artisan.
  Unknown Translation: 0x5F9AF801066DA9F1 - Exotic Dancer
  Unknown Translation: 0x8256130E9A18B89F - Dancer
Test: Dutch
  Unknown Translation: 0x93559D28F4FADE99 - Exotic Dancer's Stage (Socket Cover)
  Unknown Translation: 0x7679F057565C2925 - Put this to a community lot and a dancer appears. CTRL+SHIFT+Click in Build/Buy mode to tune. By misukisu - Virtual Artisan.
  Unknown Translation: 0x5F9AF801066DA9F1 - Exotic Dancer
  Unknown Translation: 0x8256130E9A18B89F - Dancer
Test: Finnish
  Unknown Translation: 0x93559D28F4FADE99 - Exotic Dancer's Stage (Socket Cover)
  Unknown Translation: 0x7679F057565C2925 - Put this to a community lot and a dancer appears. CTRL+SHIFT+Click in Build/Buy mode to tune. By misukisu - Virtual Artisan.
  Unknown Translation: 0x5F9AF801066DA9F1 - Exotic Dancer
  Unknown Translation: 0x8256130E9A18B89F - Dancer
Test: French
  Unknown Translation: 0x93559D28F4FADE99 - Exotic Dancer's Stage (Socket Cover)
  Unknown Translation: 0x7679F057565C2925 - Put this to a community lot and a dancer appears. CTRL+SHIFT+Click in Build/Buy mode to tune. By misukisu - Virtual Artisan.
  Unknown Translation: 0x5F9AF801066DA9F1 - Exotic Dancer
  Unknown Translation: 0x8256130E9A18B89F - Dancer
Test: German
  Unknown Translation: 0x93559D28F4FADE99 - Exotic Dancer's Stage (Socket Cover)
  Unknown Translation: 0x7679F057565C2925 - Put this to a community lot and a dancer appears. CTRL+SHIFT+Click in Build/Buy mode to tune. By misukisu - Virtual Artisan.
  Unknown Translation: 0x5F9AF801066DA9F1 - Exotic Dancer
  Unknown Translation: 0x8256130E9A18B89F - Dancer
Test: Greek
  Unknown Translation: 0x93559D28F4FADE99 - Exotic Dancer's Stage (Socket Cover)
  Unknown Translation: 0x7679F057565C2925 - Put this to a community lot and a dancer appears. CTRL+SHIFT+Click in Build/Buy mode to tune. By misukisu - Virtual Artisan.
  Unknown Translation: 0x5F9AF801066DA9F1 - Exotic Dancer
  Unknown Translation: 0x8256130E9A18B89F - Dancer
Test: Hungarian
  Unknown Translation: 0x93559D28F4FADE99 - Exotic Dancer's Stage (Socket Cover)
  Unknown Translation: 0x7679F057565C2925 - Put this to a community lot and a dancer appears. CTRL+SHIFT+Click in Build/Buy mode to tune. By misukisu - Virtual Artisan.
  Unknown Translation: 0x5F9AF801066DA9F1 - Exotic Dancer
  Unknown Translation: 0x8256130E9A18B89F - Dancer
Test: Italian
  Unknown Translation: 0x93559D28F4FADE99 - Exotic Dancer's Stage (Socket Cover)
  Unknown Translation: 0x7679F057565C2925 - Put this to a community lot and a dancer appears. CTRL+SHIFT+Click in Build/Buy mode to tune. By misukisu - Virtual Artisan.
  Unknown Translation: 0x5F9AF801066DA9F1 - Exotic Dancer
  Unknown Translation: 0x8256130E9A18B89F - Dancer
Test: Japanese
  Unknown Translation: 0x93559D28F4FADE99 - Exotic Dancer's Stage (Socket Cover)
  Unknown Translation: 0x7679F057565C2925 - Put this to a community lot and a dancer appears. CTRL+SHIFT+Click in Build/Buy mode to tune. By misukisu - Virtual Artisan.
  Unknown Translation: 0x5F9AF801066DA9F1 - Exotic Dancer
  Unknown Translation: 0x8256130E9A18B89F - Dancer
Test: Korean
  Unknown Translation: 0x93559D28F4FADE99 - Exotic Dancer's Stage (Socket Cover)
  Unknown Translation: 0x7679F057565C2925 - Put this to a community lot and a dancer appears. CTRL+SHIFT+Click in Build/Buy mode to tune. By misukisu - Virtual Artisan.
  Unknown Translation: 0x5F9AF801066DA9F1 - Exotic Dancer
  Unknown Translation: 0x8256130E9A18B89F - Dancer
Test: Norwegian
  Unknown Translation: 0x93559D28F4FADE99 - Exotic Dancer's Stage (Socket Cover)
  Unknown Translation: 0x7679F057565C2925 - Put this to a community lot and a dancer appears. CTRL+SHIFT+Click in Build/Buy mode to tune. By misukisu - Virtual Artisan.
  Unknown Translation: 0x5F9AF801066DA9F1 - Exotic Dancer
  Unknown Translation: 0x8256130E9A18B89F - Dancer
Test: Polish
  Unknown Translation: 0x93559D28F4FADE99 - Exotic Dancer's Stage (Socket Cover)
  Unknown Translation: 0x7679F057565C2925 - Put this to a community lot and a dancer appears. CTRL+SHIFT+Click in Build/Buy mode to tune. By misukisu - Virtual Artisan.
  Unknown Translation: 0x5F9AF801066DA9F1 - Exotic Dancer
  Unknown Translation: 0x8256130E9A18B89F - Dancer
Test: PortugueseStandard
  Unknown Translation: 0x93559D28F4FADE99 - Exotic Dancer's Stage (Socket Cover)
  Unknown Translation: 0x7679F057565C2925 - Put this to a community lot and a dancer appears. CTRL+SHIFT+Click in Build/Buy mode to tune. By misukisu - Virtual Artisan.
  Unknown Translation: 0x5F9AF801066DA9F1 - Exotic Dancer
  Unknown Translation: 0x8256130E9A18B89F - Dancer
Test: PortugueseBrazilian
  Unknown Translation: 0x93559D28F4FADE99 - Exotic Dancer's Stage (Socket Cover)
  Unknown Translation: 0x7679F057565C2925 - Put this to a community lot and a dancer appears. CTRL+SHIFT+Click in Build/Buy mode to tune. By misukisu - Virtual Artisan.
  Unknown Translation: 0x5F9AF801066DA9F1 - Exotic Dancer
  Unknown Translation: 0x8256130E9A18B89F - Dancer
Test: Russian
  Unknown Translation: 0x93559D28F4FADE99 - Exotic Dancer's Stage (Socket Cover)
  Unknown Translation: 0x7679F057565C2925 - Put this to a community lot and a dancer appears. CTRL+SHIFT+Click in Build/Buy mode to tune. By misukisu - Virtual Artisan.
  Unknown Translation: 0x5F9AF801066DA9F1 - Exotic Dancer
  Unknown Translation: 0x8256130E9A18B89F - Dancer
Test: SpanishStandard
  Unknown Translation: 0x93559D28F4FADE99 - Exotic Dancer's Stage (Socket Cover)
  Unknown Translation: 0x7679F057565C2925 - Put this to a community lot and a dancer appears. CTRL+SHIFT+Click in Build/Buy mode to tune. By misukisu - Virtual Artisan.
  Unknown Translation: 0x5F9AF801066DA9F1 - Exotic Dancer
  Unknown Translation: 0x8256130E9A18B89F - Dancer
Test: SpanishMexican
  Unknown Translation: 0x93559D28F4FADE99 - Exotic Dancer's Stage (Socket Cover)
  Unknown Translation: 0x7679F057565C2925 - Put this to a community lot and a dancer appears. CTRL+SHIFT+Click in Build/Buy mode to tune. By misukisu - Virtual Artisan.
  Unknown Translation: 0x5F9AF801066DA9F1 - Exotic Dancer
  Unknown Translation: 0x8256130E9A18B89F - Dancer
Test: Swedish
  Unknown Translation: 0x93559D28F4FADE99 - Exotic Dancer's Stage (Socket Cover)
  Unknown Translation: 0x7679F057565C2925 - Put this to a community lot and a dancer appears. CTRL+SHIFT+Click in Build/Buy mode to tune. By misukisu - Virtual Artisan.
  Unknown Translation: 0x5F9AF801066DA9F1 - Exotic Dancer
  Unknown Translation: 0x8256130E9A18B89F - Dancer
Test: Thai
  Unknown Translation: 0x93559D28F4FADE99 - Exotic Dancer's Stage (Socket Cover)
  Unknown Translation: 0x7679F057565C2925 - Put this to a community lot and a dancer appears. CTRL+SHIFT+Click in Build/Buy mode to tune. By misukisu - Virtual Artisan.
  Unknown Translation: 0x5F9AF801066DA9F1 - Exotic Dancer
  Unknown Translation: 0x8256130E9A18B89F - Dancer
