Import: StringTableEnglish
  Unknown Translation: 0x182BCAF8D239413D - Tippler's Wine Bottle
  Unknown Translation: 0xEFF61B9005A60561 - Tippler's Wine Bottle
Import: StringTableEnglish
Import: StringTableChinese
Import: StringTableTaiwanese
Import: StringTableCzech
Import: StringTableDanish
Import: StringTableDutch
Import: StringTableFinnish
Import: StringTableFrench
Import: StringTableGerman
Import: StringTableGreek
Import: StringTableHungarian
Import: StringTableItalian
Import: StringTableJapanese
Import: StringTableKorean
Import: StringTableNorwegian
Import: StringTablePolish
Import: StringTablePortugueseStandard
Import: StringTablePortugueseBrazilian
Import: StringTableRussian
Import: StringTableSpanishStandard
Import: StringTableSpanishMexican
Import: StringTableSwedish
Import: StringTableThai
Test: English
  Unknown Translation: 0x182BCAF8D239413D - Tippler's Wine Bottle
  Unknown Translation: 0xEFF61B9005A60561 - Put this to a community lot and a tippler appears. CTRL+SHIFT+Click in Build/Buy mode to tune. By misukisu - Virtual Artisan.
  Unknown Translation: 0xC6B62C36E9E9166B - Tippler
Test: Chinese
  Unknown Translation: 0x182BCAF8D239413D - Tippler's Wine Bottle
  Unknown Translation: 0xEFF61B9005A60561 - Put this to a community lot and a tippler appears. CTRL+SHIFT+Click in Build/Buy mode to tune. By misukisu - Virtual Artisan.
  Unknown Translation: 0xC6B62C36E9E9166B - Tippler
Test: Taiwanese
  Unknown Translation: 0x182BCAF8D239413D - Tippler's Wine Bottle
  Unknown Translation: 0xEFF61B9005A60561 - Put this to a community lot and a tippler appears. CTRL+SHIFT+Click in Build/Buy mode to tune. By misukisu - Virtual Artisan.
  Unknown Translation: 0xC6B62C36E9E9166B - Tippler
Test: Czech
  Unknown Translation: 0x182BCAF8D239413D - Tippler's Wine Bottle
  Unknown Translation: 0xEFF61B9005A60561 - Put this to a community lot and a tippler appears. CTRL+SHIFT+Click in Build/Buy mode to tune. By misukisu - Virtual Artisan.
  Unknown Translation: 0xC6B62C36E9E9166B - Tippler
Test: Danish
  Unknown Translation: 0x182BCAF8D239413D - Tippler's Wine Bottle
  Unknown Translation: 0xEFF61B9005A60561 - Put this to a community lot and a tippler appears. CTRL+SHIFT+Click in Build/Buy mode to tune. By misukisu - Virtual Artisan.
  Unknown Translation: 0xC6B62C36E9E9166B - Tippler
Test: Dutch
  Unknown Translation: 0x182BCAF8D239413D - Tippler's Wine Bottle
  Unknown Translation: 0xEFF61B9005A60561 - Put this to a community lot and a tippler appears. CTRL+SHIFT+Click in Build/Buy mode to tune. By misukisu - Virtual Artisan.
  Unknown Translation: 0xC6B62C36E9E9166B - Tippler
Test: Finnish
  Unknown Translation: 0x182BCAF8D239413D - Tippler's Wine Bottle
  Unknown Translation: 0xEFF61B9005A60561 - Put this to a community lot and a tippler appears. CTRL+SHIFT+Click in Build/Buy mode to tune. By misukisu - Virtual Artisan.
  Unknown Translation: 0xC6B62C36E9E9166B - Tippler
Test: French
  Unknown Translation: 0x182BCAF8D239413D - Tippler's Wine Bottle
  Unknown Translation: 0xEFF61B9005A60561 - Put this to a community lot and a tippler appears. CTRL+SHIFT+Click in Build/Buy mode to tune. By misukisu - Virtual Artisan.
  Unknown Translation: 0xC6B62C36E9E9166B - Tippler
Test: German
  Unknown Translation: 0x182BCAF8D239413D - Tippler's Wine Bottle
  Unknown Translation: 0xEFF61B9005A60561 - Put this to a community lot and a tippler appears. CTRL+SHIFT+Click in Build/Buy mode to tune. By misukisu - Virtual Artisan.
  Unknown Translation: 0xC6B62C36E9E9166B - Tippler
Test: Greek
  Unknown Translation: 0x182BCAF8D239413D - Tippler's Wine Bottle
  Unknown Translation: 0xEFF61B9005A60561 - Put this to a community lot and a tippler appears. CTRL+SHIFT+Click in Build/Buy mode to tune. By misukisu - Virtual Artisan.
  Unknown Translation: 0xC6B62C36E9E9166B - Tippler
Test: Hungarian
  Unknown Translation: 0x182BCAF8D239413D - Tippler's Wine Bottle
  Unknown Translation: 0xEFF61B9005A60561 - Put this to a community lot and a tippler appears. CTRL+SHIFT+Click in Build/Buy mode to tune. By misukisu - Virtual Artisan.
  Unknown Translation: 0xC6B62C36E9E9166B - Tippler
Test: Italian
  Unknown Translation: 0x182BCAF8D239413D - Tippler's Wine Bottle
  Unknown Translation: 0xEFF61B9005A60561 - Put this to a community lot and a tippler appears. CTRL+SHIFT+Click in Build/Buy mode to tune. By misukisu - Virtual Artisan.
  Unknown Translation: 0xC6B62C36E9E9166B - Tippler
Test: Japanese
  Unknown Translation: 0x182BCAF8D239413D - Tippler's Wine Bottle
  Unknown Translation: 0xEFF61B9005A60561 - Put this to a community lot and a tippler appears. CTRL+SHIFT+Click in Build/Buy mode to tune. By misukisu - Virtual Artisan.
  Unknown Translation: 0xC6B62C36E9E9166B - Tippler
Test: Korean
  Unknown Translation: 0x182BCAF8D239413D - Tippler's Wine Bottle
  Unknown Translation: 0xEFF61B9005A60561 - Put this to a community lot and a tippler appears. CTRL+SHIFT+Click in Build/Buy mode to tune. By misukisu - Virtual Artisan.
  Unknown Translation: 0xC6B62C36E9E9166B - Tippler
Test: Norwegian
  Unknown Translation: 0x182BCAF8D239413D - Tippler's Wine Bottle
  Unknown Translation: 0xEFF61B9005A60561 - Put this to a community lot and a tippler appears. CTRL+SHIFT+Click in Build/Buy mode to tune. By misukisu - Virtual Artisan.
  Unknown Translation: 0xC6B62C36E9E9166B - Tippler
Test: Polish
  Unknown Translation: 0x182BCAF8D239413D - Tippler's Wine Bottle
  Unknown Translation: 0xEFF61B9005A60561 - Put this to a community lot and a tippler appears. CTRL+SHIFT+Click in Build/Buy mode to tune. By misukisu - Virtual Artisan.
  Unknown Translation: 0xC6B62C36E9E9166B - Tippler
Test: PortugueseStandard
  Unknown Translation: 0x182BCAF8D239413D - Tippler's Wine Bottle
  Unknown Translation: 0xEFF61B9005A60561 - Put this to a community lot and a tippler appears. CTRL+SHIFT+Click in Build/Buy mode to tune. By misukisu - Virtual Artisan.
  Unknown Translation: 0xC6B62C36E9E9166B - Tippler
Test: PortugueseBrazilian
  Unknown Translation: 0x182BCAF8D239413D - Tippler's Wine Bottle
  Unknown Translation: 0xEFF61B9005A60561 - Put this to a community lot and a tippler appears. CTRL+SHIFT+Click in Build/Buy mode to tune. By misukisu - Virtual Artisan.
  Unknown Translation: 0xC6B62C36E9E9166B - Tippler
Test: Russian
  Unknown Translation: 0x182BCAF8D239413D - Tippler's Wine Bottle
  Unknown Translation: 0xEFF61B9005A60561 - Put this to a community lot and a tippler appears. CTRL+SHIFT+Click in Build/Buy mode to tune. By misukisu - Virtual Artisan.
  Unknown Translation: 0xC6B62C36E9E9166B - Tippler
Test: SpanishStandard
  Unknown Translation: 0x182BCAF8D239413D - Tippler's Wine Bottle
  Unknown Translation: 0xEFF61B9005A60561 - Put this to a community lot and a tippler appears. CTRL+SHIFT+Click in Build/Buy mode to tune. By misukisu - Virtual Artisan.
  Unknown Translation: 0xC6B62C36E9E9166B - Tippler
Test: SpanishMexican
  Unknown Translation: 0x182BCAF8D239413D - Tippler's Wine Bottle
  Unknown Translation: 0xEFF61B9005A60561 - Put this to a community lot and a tippler appears. CTRL+SHIFT+Click in Build/Buy mode to tune. By misukisu - Virtual Artisan.
  Unknown Translation: 0xC6B62C36E9E9166B - Tippler
Test: Swedish
  Unknown Translation: 0x182BCAF8D239413D - Tippler's Wine Bottle
  Unknown Translation: 0xEFF61B9005A60561 - Put this to a community lot and a tippler appears. CTRL+SHIFT+Click in Build/Buy mode to tune. By misukisu - Virtual Artisan.
  Unknown Translation: 0xC6B62C36E9E9166B - Tippler
Test: Thai
  Unknown Translation: 0x182BCAF8D239413D - Tippler's Wine Bottle
  Unknown Translation: 0xEFF61B9005A60561 - Put this to a community lot and a tippler appears. CTRL+SHIFT+Click in Build/Buy mode to tune. By misukisu - Virtual Artisan.
  Unknown Translation: 0xC6B62C36E9E9166B - Tippler
